2026-03-01 08:15:22 | user1@company.com | INFO | Login successful
2026-03-01 09:02:11 | admin@company.com | ERROR | Database connection timeout
2026-03-01 10:33:45 | dev.ops@company.com | WARN | High memory usage detected

2026-03-02 07:55:14 | user2@company.com | INFO | File upload completed
2026-03-02 09:41:32 | analyst@company.com | ERROR | Invalid authentication token
2026-03-02 11:22:09 | admin@company.com | ERROR | Disk write failure

2026-03-03 08:10:08 | support@company.com | INFO | Ticket created
2026-03-03 10:14:55 | user3@company.com | ERROR | API rate limit exceeded
2026-03-03 13:05:33 | dev.ops@company.com | WARN | CPU utilization above threshold

2026-03-04 07:58:29 | user1@company.com | INFO | Password changed
2026-03-04 09:17:41 | admin@company.com | ERROR | Service unavailable (503)
2026-03-04 12:48:02 | qa.team@company.com | ERROR | Test case execution failed

2026-03-05 08:05:55 | user4@company.com | INFO | Report generated
2026-03-05 09:34:21 | analyst@company.com | ERROR | Query execution timeout
2026-03-05 11:52:16 | dev.ops@company.com | WARN | Network latency detected

2026-03-06 07:49:33 | user5@company.com | INFO | Session started
2026-03-06 09:27:18 | admin@company.com | ERROR | Unauthorized access attempt
2026-03-06 12:11:49 | support@company.com | ERROR | Email delivery failure

2026-03-07 08:02:10 | user2@company.com | INFO | Dashboard accessed
2026-03-07 09:45:06 | qa.team@company.com | ERROR | Regression test failure
2026-03-07 13:20:44 | dev.ops@company.com | WARN | Packet loss detected

2026-03-08 07:57:51 | user3@company.com | INFO | Profile updated
2026-03-08 09:38:27 | admin@company.com | ERROR | Configuration load failure
2026-03-08 11:59:03 | analyst@company.com | ERROR | Data parsing exception

2026-03-09 08:12:39 | user1@company.com | INFO | Data export completed
2026-03-09 10:06:12 | dev.ops@company.com | ERROR | Container restart failure
2026-03-09 12:44:56 | support@company.com | WARN | Slow response time

2026-03-10 07:53:18 | user4@company.com | INFO | Login successful
2026-03-10 09:29:07 | admin@company.com | ERROR | SSL handshake failure
2026-03-10 11:37:42 | qa.team@company.com | ERROR | Automation script crashed
