benchmark executed fps=120
benchmark executed fps=118
benchmark executed fps=115
benchmark executed fps=122
benchmark executed fps=119
benchmark executed fps=117
benchmark executed fps=121
benchmark executed fps=116
benchmark executed fps=114
benchmark executed fps=113
benchmark executed fps=125
benchmark executed fps=124
benchmark executed fps=123
benchmark executed fps=126
benchmark executed fps=127
benchmark executed fps=128
benchmark executed fps=110
benchmark executed fps=111
benchmark executed fps=112
benchmark executed fps=109
benchmark executed fps=108
benchmark executed fps=107
benchmark executed fps=106
benchmark executed fps=105
benchmark executed fps=104
benchmark executed fps=103
benchmark executed fps=102
benchmark executed fps=101
benchmark executed fps=100
benchmark executed fps=99
benchmark executed fps=98
benchmark executed fps=97
benchmark executed fps=96
benchmark executed fps=95
benchmark executed fps=94
benchmark executed fps=93
benchmark executed fps=92
benchmark executed fps=91
benchmark executed fps=90
benchmark executed fps=89
benchmark executed fps=88
benchmark executed fps=87
benchmark executed fps=86
benchmark executed fps=85
benchmark executed fps=84
benchmark executed fps=83
benchmark executed fps=82
benchmark executed fps=81
benchmark executed fps=80
benchmark executed fps=79
benchmark executed fps=78
benchmark executed fps=77
benchmark executed fps=76
benchmark executed fps=75
benchmark executed fps=74
benchmark executed fps=73
benchmark executed fps=72
benchmark executed fps=71
benchmark executed fps=70
benchmark executed fps=69
benchmark executed fps=68
benchmark executed fps=67
benchmark executed fps=66
benchmark executed fps=65
benchmark executed fps=64
benchmark executed fps=63
benchmark executed fps=62
benchmark executed fps=61
benchmark executed fps=60
benchmark executed fps=59
benchmark executed fps=58
benchmark executed fps=57
benchmark executed fps=56
benchmark executed fps=55
benchmark executed fps=54
benchmark executed fps=53
benchmark executed fps=52
benchmark executed fps=51
benchmark executed fps=50
benchmark executed fps=120
benchmark executed fps=118
benchmark executed fps=115
benchmark executed fps=122
benchmark executed fps=119
benchmark executed fps=117
benchmark executed fps=121
benchmark executed fps=116
benchmark executed fps=114
benchmark executed fps=113
benchmark executed fps=125
benchmark executed fps=124
benchmark executed fps=123
benchmark executed fps=126
benchmark executed fps=127
benchmark executed fps=128
benchmark executed fps=110
benchmark executed fps=111
benchmark executed fps=112
benchmark executed fps=109
benchmark executed fps=108
benchmark executed fps=107
benchmark executed fps=106
benchmark executed fps=105
benchmark executed fps=104
benchmark executed fps=103
benchmark executed fps=102
benchmark executed fps=101
benchmark executed fps=100
benchmark executed fps=99
benchmark executed fps=98
benchmark executed fps=97
benchmark executed fps=96
benchmark executed fps=95
benchmark executed fps=94
benchmark executed fps=93
benchmark executed fps=92
benchmark executed fps=91
benchmark executed fps=90
benchmark executed fps=89
benchmark executed fps=88
benchmark executed fps=87
benchmark executed fps=86
benchmark executed fps=85
benchmark executed fps=84
benchmark executed fps=83
benchmark executed fps=82
benchmark executed fps=81
benchmark executed fps=80
benchmark executed fps=79
benchmark executed fps=78
benchmark executed fps=77
benchmark executed fps=76
benchmark executed fps=75
benchmark executed fps=74
benchmark executed fps=73
benchmark executed fps=72
benchmark executed fps=71
benchmark executed fps=70
benchmark executed fps=69
benchmark executed fps=68
benchmark executed fps=67
benchmark executed fps=66
benchmark executed fps=65
benchmark executed fps=64
benchmark executed fps=63
benchmark executed fps=62
benchmark executed fps=61
benchmark executed fps=60
benchmark executed fps=59
benchmark executed fps=58
benchmark executed fps=57
benchmark executed fps=56
benchmark executed fps=55
benchmark executed fps=54
benchmark executed fps=53
benchmark executed fps=52
benchmark executed fps=51
benchmark executed fps=50
crash detected gpu hang
timeout error occurred
TDR detected
gpu driver crash
benchmark failed due to timeout
crash detected gpu hang
timeout error occurred
TDR detected
gpu driver crash
benchmark failed due to timeout
crash detected gpu hang
timeout error occurred
TDR detected
gpu driver crash
benchmark failed due to timeout
crash detected gpu hang
timeout error occurred
TDR detected
gpu driver crash
benchmark failed due to timeout